0 info it worked if it ends with ok
1 verbose cli [ 'D:\\nodejs\\node.exe',
1 verbose cli   'D:\\nodejs\\node_modules\\npm\\bin\\npm-cli.js',
1 verbose cli   'run',
1 verbose cli   'test' ]
2 info using npm@3.10.10
3 info using node@v6.10.2
4 verbose run-script [ 'pretest', 'test', 'posttest' ]
5 info lifecycle travis-ci-demo@1.0.0~pretest: travis-ci-demo@1.0.0
6 silly lifecycle travis-ci-demo@1.0.0~pretest: no script for pretest, continuing
7 info lifecycle travis-ci-demo@1.0.0~test: travis-ci-demo@1.0.0
8 verbose lifecycle travis-ci-demo@1.0.0~test: unsafe-perm in lifecycle true
9 verbose lifecycle travis-ci-demo@1.0.0~test: PATH: D:\nodejs\node_modules\npm\bin\node-gyp-bin;D:\travis-CI\travis-ci-demo\node_modules\.bin;D:\nodejs;C:\Users\Administrator.WIN7U-20140507L\bin;D:\Git\mingw32\bin;D:\Git\usr\local\bin;D:\Git\usr\bin;D:\Git\usr\bin;D:\Git\mingw32\bin;D:\Git\usr\bin;C:\Users\Administrator.WIN7U-20140507L\bin;D:\nodejs\nodeenv;D:\mysql-5.7.17\bin;C:\windows\system32;D:\mysql-5.7.17;D:\mysql-5.7.17\php-7.1.1\ext;D:\mongodbserver\bin;D:\nodejs;D:\YARN\bin;C:\Users\Administrator.WIN7U-20140507L\AppData\Roaming\npm;C:\Users\Administrator.WIN7U-20140507L\AppData\Local\Yarn\.bin;D:\Git\usr\bin\vendor_perl;D:\Git\usr\bin\core_perl
10 verbose lifecycle travis-ci-demo@1.0.0~test: CWD: D:\travis-CI\travis-ci-demo
11 silly lifecycle travis-ci-demo@1.0.0~test: Args: [ '/d /s /c', 'npm run lint && mocha hello.test.js' ]
12 silly lifecycle travis-ci-demo@1.0.0~test: Returned: code: 1  signal: null
13 info lifecycle travis-ci-demo@1.0.0~test: Failed to exec test script
14 verbose stack Error: travis-ci-demo@1.0.0 test: `npm run lint && mocha hello.test.js`
14 verbose stack Exit status 1
14 verbose stack     at EventEmitter.<anonymous> (D:\nodejs\node_modules\npm\lib\utils\lifecycle.js:255:16)
14 verbose stack     at emitTwo (events.js:106:13)
14 verbose stack     at EventEmitter.emit (events.js:191:7)
14 verbose stack     at ChildProcess.<anonymous> (D:\nodejs\node_modules\npm\lib\utils\spawn.js:40:14)
14 verbose stack     at emitTwo (events.js:106:13)
14 verbose stack     at ChildProcess.emit (events.js:191:7)
14 verbose stack     at maybeClose (internal/child_process.js:886:16)
14 verbose stack     at Process.ChildProcess._handle.onexit (internal/child_process.js:226:5)
15 verbose pkgid travis-ci-demo@1.0.0
16 verbose cwd D:\travis-CI\travis-ci-demo
17 error Windows_NT 6.1.7601
18 error argv "D:\\nodejs\\node.exe" "D:\\nodejs\\node_modules\\npm\\bin\\npm-cli.js" "run" "test"
19 error node v6.10.2
20 error npm  v3.10.10
21 error code ELIFECYCLE
22 error travis-ci-demo@1.0.0 test: `npm run lint && mocha hello.test.js`
22 error Exit status 1
23 error Failed at the travis-ci-demo@1.0.0 test script 'npm run lint && mocha hello.test.js'.
23 error Make sure you have the latest version of node.js and npm installed.
23 error If you do, this is most likely a problem with the travis-ci-demo package,
23 error not with npm itself.
23 error Tell the author that this fails on your system:
23 error     npm run lint && mocha hello.test.js
23 error You can get information on how to open an issue for this project with:
23 error     npm bugs travis-ci-demo
23 error Or if that isn't available, you can get their info via:
23 error     npm owner ls travis-ci-demo
23 error There is likely additional logging output above.
24 verbose exit [ 1, true ]
